2021-04-19T05:11:41.238-0600 [INFO]  Terraform version: 0.15.0
2021-04-19T05:11:41.240-0600 [INFO]  Go runtime version: go1.16.2
2021-04-19T05:11:41.240-0600 [INFO]  CLI args: []string{"C:\\WINDOWS\\system32\\terraform.exe", "init"}
2021-04-19T05:11:41.240-0600 [TRACE] Stdout is a terminal of width 83
2021-04-19T05:11:41.240-0600 [TRACE] Stderr is a terminal of width 83
2021-04-19T05:11:41.240-0600 [TRACE] Stdin is a terminal
2021-04-19T05:11:41.251-0600 [DEBUG] Attempting to open CLI config file: C:\Users\Gopal\AppData\Roaming\terraform.rc
2021-04-19T05:11:41.252-0600 [DEBUG] File doesn't exist, but doesn't need to. Ignoring.
2021-04-19T05:11:41.253-0600 [DEBUG] ignoring non-existing provider search directory terraform.d/plugins
2021-04-19T05:11:41.254-0600 [DEBUG] ignoring non-existing provider search directory C:\Users\Gopal\AppData\Roaming\terraform.d\plugins
2021-04-19T05:11:41.255-0600 [DEBUG] ignoring non-existing provider search directory C:\Users\Gopal\AppData\Roaming\HashiCorp\Terraform\plugins
2021-04-19T05:11:41.256-0600 [INFO]  CLI command args: []string{"init"}

panic: runtime error: slice bounds out of range [19:0]

goroutine 1 [running]:
github.com/hashicorp/terraform/command/format.appendSourceSnippets(0xc0005a2de0, 0xc00054eec0, 0xc0002db520)
	/home/circleci/project/project/command/format/diagnostic.go:239 +0x9d3
github.com/hashicorp/terraform/command/format.DiagnosticFromJSON(0xc00054eec0, 0xc0002db520, 0x53, 0xc00054eec0, 0xffffffffffffffff)
	/home/circleci/project/project/command/format/diagnostic.go:77 +0x230
github.com/hashicorp/terraform/command/format.Diagnostic(0x35c9e30, 0xc00007f770, 0xc0008bf740, 0xc0002db520, 0x53, 0x5d, 0x5d)
	/home/circleci/project/project/command/format/diagnostic.go:30 +0x68
github.com/hashicorp/terraform/command.(*Meta).showDiagnostics(0xc0007a6000, 0xc0002db890, 0x1, 0x1)
	/home/circleci/project/project/command/meta.go:708 +0x3a5
github.com/hashicorp/terraform/command.(*InitCommand).Run(0xc0007a6000, 0xc0000ae3b0, 0x0, 0x0, 0xc0003d3f40)
	/home/circleci/project/project/command/init.go:150 +0x2071
github.com/mitchellh/cli.(*CLI).Run(0xc000684640, 0xc0004b43f0, 0x3144a50, 0x4)
	/go/pkg/mod/github.com/mitchellh/cli@v1.1.2/cli.go:262 +0x41a
main.wrappedMain(0x0)
	/home/circleci/project/project/main.go:384 +0x1132
main.realMain(0x0)
	/home/circleci/project/project/main.go:115 +0x574
main.main()
	/home/circleci/project/project/main.go:58 +0x29
